[debug] [2026-01-01T15:44:33.313Z] ----------------------------------------------------------------------
[debug] [2026-01-01T15:44:33.317Z] Command:       C:\Program Files\nodejs\node.exe C:\Users\dougc\AppData\Roaming\npm\node_modules\firebase-tools\lib\bin\firebase.js deploy
[debug] [2026-01-01T15:44:33.318Z] CLI Version:   15.1.0
[debug] [2026-01-01T15:44:33.318Z] Platform:      win32
[debug] [2026-01-01T15:44:33.318Z] Node Version:  v24.12.0
[debug] [2026-01-01T15:44:33.318Z] Time:          Thu Jan 01 2026 10:44:33 GMT-0500 (Eastern Standard Time)
[debug] [2026-01-01T15:44:33.318Z] ----------------------------------------------------------------------
[debug] 
[debug] [2026-01-01T15:44:37.754Z] > command requires scopes: ["email","openid","https://www.googleapis.com/auth/cloudplatformprojects.readonly","https://www.googleapis.com/auth/firebase","https://www.googleapis.com/auth/cloud-platform"]
[debug] [2026-01-01T15:44:37.755Z] > authorizing via signed-in user (dougchestnut@gmail.com)
[debug] [2026-01-01T15:44:37.755Z] [iam] checking project epstein-file-browser for permissions ["datastore.indexes.create","datastore.indexes.delete","datastore.indexes.list","datastore.indexes.update","firebase.projects.get","firebaserules.releases.create","firebaserules.releases.update","firebaserules.rulesets.create",null]
[debug] [2026-01-01T15:44:37.757Z] Checked if tokens are valid: false, expires at: 1767244569742
[debug] [2026-01-01T15:44:37.757Z] Checked if tokens are valid: false, expires at: 1767244569742
[debug] [2026-01-01T15:44:37.757Z] > refreshing access token with scopes: []
[debug] [2026-01-01T15:44:37.759Z] >>> [apiv2][query] POST https://www.googleapis.com/oauth2/v3/token [none]
[debug] [2026-01-01T15:44:37.760Z] >>> [apiv2][body] POST https://www.googleapis.com/oauth2/v3/token [omitted]
[debug] [2026-01-01T15:44:37.915Z] <<< [apiv2][status] POST https://www.googleapis.com/oauth2/v3/token 200
[debug] [2026-01-01T15:44:37.915Z] <<< [apiv2][body] POST https://www.googleapis.com/oauth2/v3/token [omitted]
[debug] [2026-01-01T15:44:37.926Z] >>> [apiv2][query] POST https://cloudresourcemanager.googleapis.com/v1/projects/epstein-file-browser:testIamPermissions [none]
[debug] [2026-01-01T15:44:37.927Z] >>> [apiv2][(partial)header] POST https://cloudresourcemanager.googleapis.com/v1/projects/epstein-file-browser:testIamPermissions x-goog-quota-user=projects/epstein-file-browser
[debug] [2026-01-01T15:44:37.927Z] >>> [apiv2][body] POST https://cloudresourcemanager.googleapis.com/v1/projects/epstein-file-browser:testIamPermissions {"permissions":["datastore.indexes.create","datastore.indexes.delete","datastore.indexes.list","datastore.indexes.update","firebase.projects.get","firebaserules.releases.create","firebaserules.releases.update","firebaserules.rulesets.create",null]}
[debug] [2026-01-01T15:44:38.047Z] <<< [apiv2][status] POST https://cloudresourcemanager.googleapis.com/v1/projects/epstein-file-browser:testIamPermissions 200
[debug] [2026-01-01T15:44:38.048Z] <<< [apiv2][body] POST https://cloudresourcemanager.googleapis.com/v1/projects/epstein-file-browser:testIamPermissions {"permissions":["datastore.indexes.create","datastore.indexes.delete","datastore.indexes.list","datastore.indexes.update","firebase.projects.get","firebaserules.releases.create","firebaserules.releases.update","firebaserules.rulesets.create"]}
[debug] [2026-01-01T15:44:38.048Z] [iam] error while checking permissions, command may fail: Authorization failed. This account is missing the following required permissions on project epstein-file-browser:

  
[info] 
[info] === Deploying to 'epstein-file-browser'...
[info] 
[info] i  deploying storage, firestore, apphosting 
[info] i  storage: ensuring required API firebasestorage.googleapis.com is enabled... 
[debug] [2026-01-01T15:44:38.053Z] Checked if tokens are valid: true, expires at: 1767285876916
[debug] [2026-01-01T15:44:38.053Z] Checked if tokens are valid: true, expires at: 1767285876916
[debug] [2026-01-01T15:44:38.053Z] >>> [apiv2][query] GET https://firebasestorage.googleapis.com/v1alpha/projects/epstein-file-browser/defaultBucket [none]
[debug] [2026-01-01T15:44:38.322Z] <<< [apiv2][status] GET https://firebasestorage.googleapis.com/v1alpha/projects/epstein-file-browser/defaultBucket 200
[debug] [2026-01-01T15:44:38.322Z] <<< [apiv2][body] GET https://firebasestorage.googleapis.com/v1alpha/projects/epstein-file-browser/defaultBucket {"name":"projects/epstein-file-browser/defaultBucket","location":"US-EAST1","bucket":{"name":"projects/epstein-file-browser/buckets/epstein-file-browser.firebasestorage.app"},"storageClass":"REGIONAL"}
[info] i  firebase.storage: checking storage.rules for compilation errors... 
[debug] [2026-01-01T15:44:38.327Z] Checked if tokens are valid: true, expires at: 1767285876916
[debug] [2026-01-01T15:44:38.327Z] Checked if tokens are valid: true, expires at: 1767285876916
[debug] [2026-01-01T15:44:38.327Z] >>> [apiv2][query] POST https://firebaserules.googleapis.com/v1/projects/epstein-file-browser:test [none]
[debug] [2026-01-01T15:44:38.328Z] >>> [apiv2][body] POST https://firebaserules.googleapis.com/v1/projects/epstein-file-browser:test [omitted]
[debug] [2026-01-01T15:44:38.568Z] <<< [apiv2][status] POST https://firebaserules.googleapis.com/v1/projects/epstein-file-browser:test 200
[debug] [2026-01-01T15:44:38.568Z] <<< [apiv2][body] POST https://firebaserules.googleapis.com/v1/projects/epstein-file-browser:test {}
[info] +  firebase.storage: rules file storage.rules compiled successfully 
[info] i  firestore: ensuring required API firestore.googleapis.com is enabled... 
[info] i  firestore: ensuring required API firestore.googleapis.com is enabled... 
[debug] [2026-01-01T15:44:38.574Z] Checked if tokens are valid: true, expires at: 1767285876916
[debug] [2026-01-01T15:44:38.574Z] Checked if tokens are valid: true, expires at: 1767285876916
[debug] [2026-01-01T15:44:38.574Z] >>> [apiv2][query] GET https://firestore.googleapis.com/v1/projects/epstein-file-browser/databases/(default) [none]
[debug] [2026-01-01T15:44:38.740Z] <<< [apiv2][status] GET https://firestore.googleapis.com/v1/projects/epstein-file-browser/databases/(default) 200
[debug] [2026-01-01T15:44:38.740Z] <<< [apiv2][body] GET https://firestore.googleapis.com/v1/projects/epstein-file-browser/databases/(default) {"name":"projects/epstein-file-browser/databases/(default)","uid":"28d332cc-5dcf-4023-8d76-4d14159f5739","createTime":"2025-12-28T20:48:15.111584Z","updateTime":"2025-12-28T20:48:15.111584Z","locationId":"us-east4","type":"FIRESTORE_NATIVE","concurrencyMode":"PESSIMISTIC","versionRetentionPeriod":"3600s","earliestVersionTime":"2026-01-01T14:44:38.776387Z","appEngineIntegrationMode":"DISABLED","keyPrefix":"d","pointInTimeRecoveryEnablement":"POINT_IN_TIME_RECOVERY_DISABLED","deleteProtectionState":"DELETE_PROTECTION_DISABLED","databaseEdition":"STANDARD","freeTier":true,"realtimeUpdatesMode":"REALTIME_UPDATES_MODE_ENABLED","etag":"IND3xsPX6pEDMNvq0IKU4ZED"}
[info] i  firestore: reading indexes from firestore.indexes.json... 
[info] i  cloud.firestore: checking firestore.rules for compilation errors... 
[debug] [2026-01-01T15:44:38.742Z] Checked if tokens are valid: true, expires at: 1767285876916
[debug] [2026-01-01T15:44:38.743Z] Checked if tokens are valid: true, expires at: 1767285876916
[debug] [2026-01-01T15:44:38.743Z] >>> [apiv2][query] POST https://firebaserules.googleapis.com/v1/projects/epstein-file-browser:test [none]
[debug] [2026-01-01T15:44:38.743Z] >>> [apiv2][body] POST https://firebaserules.googleapis.com/v1/projects/epstein-file-browser:test [omitted]
[debug] [2026-01-01T15:44:38.909Z] <<< [apiv2][status] POST https://firebaserules.googleapis.com/v1/projects/epstein-file-browser:test 200
[debug] [2026-01-01T15:44:38.909Z] <<< [apiv2][body] POST https://firebaserules.googleapis.com/v1/projects/epstein-file-browser:test {}
[info] +  cloud.firestore: rules file firestore.rules compiled successfully 
[debug] [2026-01-01T15:44:38.916Z] Checked if tokens are valid: true, expires at: 1767285876916
[debug] [2026-01-01T15:44:38.916Z] Checked if tokens are valid: true, expires at: 1767285876916
[debug] [2026-01-01T15:44:38.917Z] >>> [apiv2][query] POST https://iam.googleapis.com/v1/projects/epstein-file-browser/serviceAccounts/firebase-app-hosting-compute@epstein-file-browser.iam.gserviceaccount.com:testIamPermissions [none]
[debug] [2026-01-01T15:44:38.917Z] >>> [apiv2][(partial)header] POST https://iam.googleapis.com/v1/projects/epstein-file-browser/serviceAccounts/firebase-app-hosting-compute@epstein-file-browser.iam.gserviceaccount.com:testIamPermissions x-goog-quota-user=projects/epstein-file-browser
[debug] [2026-01-01T15:44:38.918Z] >>> [apiv2][body] POST https://iam.googleapis.com/v1/projects/epstein-file-browser/serviceAccounts/firebase-app-hosting-compute@epstein-file-browser.iam.gserviceaccount.com:testIamPermissions {"permissions":["iam.serviceAccounts.actAs"]}
[debug] [2026-01-01T15:44:39.032Z] <<< [apiv2][status] POST https://iam.googleapis.com/v1/projects/epstein-file-browser/serviceAccounts/firebase-app-hosting-compute@epstein-file-browser.iam.gserviceaccount.com:testIamPermissions 200
[debug] [2026-01-01T15:44:39.033Z] <<< [apiv2][body] POST https://iam.googleapis.com/v1/projects/epstein-file-browser/serviceAccounts/firebase-app-hosting-compute@epstein-file-browser.iam.gserviceaccount.com:testIamPermissions {"permissions":["iam.serviceAccounts.actAs"]}
[debug] [2026-01-01T15:44:39.033Z] Checked if tokens are valid: true, expires at: 1767285876916
[debug] [2026-01-01T15:44:39.034Z] Checked if tokens are valid: true, expires at: 1767285876916
[debug] [2026-01-01T15:44:39.034Z] >>> [apiv2][query] POST https://iam.googleapis.com/v1/projects/epstein-file-browser/serviceAccounts [none]
[debug] [2026-01-01T15:44:39.034Z] >>> [apiv2][body] POST https://iam.googleapis.com/v1/projects/epstein-file-browser/serviceAccounts {"accountId":"firebase-app-hosting-compute","serviceAccount":{"displayName":"Firebase App Hosting compute service account","description":"Default service account used to run builds and deploys for Firebase App Hosting"}}
[debug] [2026-01-01T15:44:39.246Z] <<< [apiv2][status] POST https://iam.googleapis.com/v1/projects/epstein-file-browser/serviceAccounts 409
[debug] [2026-01-01T15:44:39.247Z] <<< [apiv2][body] POST https://iam.googleapis.com/v1/projects/epstein-file-browser/serviceAccounts [omitted]
[debug] [2026-01-01T15:44:39.247Z] Checked if tokens are valid: true, expires at: 1767285876916
[debug] [2026-01-01T15:44:39.248Z] Checked if tokens are valid: true, expires at: 1767285876916
[debug] [2026-01-01T15:44:39.248Z] >>> [apiv2][query] POST https://cloudresourcemanager.googleapis.com/v1/projects/epstein-file-browser:getIamPolicy [none]
[debug] [2026-01-01T15:44:39.436Z] <<< [apiv2][status] POST https://cloudresourcemanager.googleapis.com/v1/projects/epstein-file-browser:getIamPolicy 200
[debug] [2026-01-01T15:44:39.436Z] <<< [apiv2][body] POST https://cloudresourcemanager.googleapis.com/v1/projects/epstein-file-browser:getIamPolicy {"version":1,"etag":"BwZHTETXMbw=","bindings":[{"role":"roles/artifactregistry.serviceAgent","members":["serviceAccount:service-831097091508@gcp-sa-artifactregistry.iam.gserviceaccount.com"]},{"role":"roles/cloudbuild.builds.builder","members":["serviceAccount:831097091508@cloudbuild.gserviceaccount.com"]},{"role":"roles/cloudbuild.serviceAgent","members":["serviceAccount:service-831097091508@gcp-sa-cloudbuild.iam.gserviceaccount.com"]},{"role":"roles/containerregistry.ServiceAgent","members":["serviceAccount:service-831097091508@containerregistry.iam.gserviceaccount.com"]},{"role":"roles/developerconnect.readTokenAccessor","members":["serviceAccount:firebase-app-hosting-compute@epstein-file-browser.iam.gserviceaccount.com"]},{"role":"roles/developerconnect.serviceAgent","members":["serviceAccount:service-831097091508@gcp-sa-devconnect.iam.gserviceaccount.com"]},{"role":"roles/editor","members":["serviceAccount:831097091508-compute@developer.gserviceaccount.com"]},{"role":"roles/firebase.managementServiceAgent","members":["serviceAccount:service-831097091508@gcp-sa-firebase.iam.gserviceaccount.com"]},{"role":"roles/firebase.sdkAdminServiceAgent","members":["serviceAccount:firebase-adminsdk-fbsvc@epstein-file-browser.iam.gserviceaccount.com","serviceAccount:firebase-app-hosting-compute@epstein-file-browser.iam.gserviceaccount.com"]},{"role":"roles/firebaseapphosting.computeRunner","members":["serviceAccount:firebase-app-hosting-compute@epstein-file-browser.iam.gserviceaccount.com"]},{"role":"roles/firebaseapphosting.serviceAgent","members":["serviceAccount:service-831097091508@gcp-sa-firebaseapphosting.iam.gserviceaccount.com"]},{"role":"roles/firebaserules.system","members":["serviceAccount:service-831097091508@firebase-rules.iam.gserviceaccount.com"]},{"role":"roles/firebasestorage.serviceAgent","members":["serviceAccount:service-831097091508@gcp-sa-firebasestorage.iam.gserviceaccount.com"]},{"role":"roles/firestore.serviceAgent","members":["serviceAccount:service-831097091508@gcp-sa-firestore.iam.gserviceaccount.com"]},{"role":"roles/iam.serviceAccountTokenCreator","members":["serviceAccount:firebase-adminsdk-fbsvc@epstein-file-browser.iam.gserviceaccount.com"]},{"role":"roles/owner","members":["user:dougchestnut@gmail.com"]},{"role":"roles/run.serviceAgent","members":["serviceAccount:service-831097091508@serverless-robot-prod.iam.gserviceaccount.com"]},{"role":"roles/secretmanager.admin_withcond_df45045cc877c5a20100","members":["serviceAccount:service-831097091508@gcp-sa-devconnect.iam.gserviceaccount.com"]},{"role":"roles/storage.admin","members":["serviceAccount:firebase-adminsdk-fbsvc@epstein-file-browser.iam.gserviceaccount.com"]},{"role":"roles/storage.objectViewer","members":["serviceAccount:firebase-app-hosting-compute@epstein-file-browser.iam.gserviceaccount.com"]}]}
[debug] [2026-01-01T15:44:39.437Z] Checked if tokens are valid: true, expires at: 1767285876916
[debug] [2026-01-01T15:44:39.437Z] Checked if tokens are valid: true, expires at: 1767285876916
[debug] [2026-01-01T15:44:39.437Z] >>> [apiv2][query] POST https://cloudresourcemanager.googleapis.com/v1/projects/epstein-file-browser:setIamPolicy [none]
[debug] [2026-01-01T15:44:39.438Z] >>> [apiv2][body] POST https://cloudresourcemanager.googleapis.com/v1/projects/epstein-file-browser:setIamPolicy {"policy":{"version":1,"etag":"BwZHTETXMbw=","bindings":[{"role":"roles/artifactregistry.serviceAgent","members":["serviceAccount:service-831097091508@gcp-sa-artifactregistry.iam.gserviceaccount.com"]},{"role":"roles/cloudbuild.builds.builder","members":["serviceAccount:831097091508@cloudbuild.gserviceaccount.com"]},{"role":"roles/cloudbuild.serviceAgent","members":["serviceAccount:service-831097091508@gcp-sa-cloudbuild.iam.gserviceaccount.com"]},{"role":"roles/containerregistry.ServiceAgent","members":["serviceAccount:service-831097091508@containerregistry.iam.gserviceaccount.com"]},{"role":"roles/developerconnect.readTokenAccessor","members":["serviceAccount:firebase-app-hosting-compute@epstein-file-browser.iam.gserviceaccount.com"]},{"role":"roles/developerconnect.serviceAgent","members":["serviceAccount:service-831097091508@gcp-sa-devconnect.iam.gserviceaccount.com"]},{"role":"roles/editor","members":["serviceAccount:831097091508-compute@developer.gserviceaccount.com"]},{"role":"roles/firebase.managementServiceAgent","members":["serviceAccount:service-831097091508@gcp-sa-firebase.iam.gserviceaccount.com"]},{"role":"roles/firebase.sdkAdminServiceAgent","members":["serviceAccount:firebase-adminsdk-fbsvc@epstein-file-browser.iam.gserviceaccount.com","serviceAccount:firebase-app-hosting-compute@epstein-file-browser.iam.gserviceaccount.com"]},{"role":"roles/firebaseapphosting.computeRunner","members":["serviceAccount:firebase-app-hosting-compute@epstein-file-browser.iam.gserviceaccount.com"]},{"role":"roles/firebaseapphosting.serviceAgent","members":["serviceAccount:service-831097091508@gcp-sa-firebaseapphosting.iam.gserviceaccount.com"]},{"role":"roles/firebaserules.system","members":["serviceAccount:service-831097091508@firebase-rules.iam.gserviceaccount.com"]},{"role":"roles/firebasestorage.serviceAgent","members":["serviceAccount:service-831097091508@gcp-sa-firebasestorage.iam.gserviceaccount.com"]},{"role":"roles/firestore.serviceAgent","members":["serviceAccount:service-831097091508@gcp-sa-firestore.iam.gserviceaccount.com"]},{"role":"roles/iam.serviceAccountTokenCreator","members":["serviceAccount:firebase-adminsdk-fbsvc@epstein-file-browser.iam.gserviceaccount.com"]},{"role":"roles/owner","members":["user:dougchestnut@gmail.com"]},{"role":"roles/run.serviceAgent","members":["serviceAccount:service-831097091508@serverless-robot-prod.iam.gserviceaccount.com"]},{"role":"roles/secretmanager.admin_withcond_df45045cc877c5a20100","members":["serviceAccount:service-831097091508@gcp-sa-devconnect.iam.gserviceaccount.com"]},{"role":"roles/storage.admin","members":["serviceAccount:firebase-adminsdk-fbsvc@epstein-file-browser.iam.gserviceaccount.com"]},{"role":"roles/storage.objectViewer","members":["serviceAccount:firebase-app-hosting-compute@epstein-file-browser.iam.gserviceaccount.com"]}]},"updateMask":"bindings"}
[debug] [2026-01-01T15:44:40.299Z] <<< [apiv2][status] POST https://cloudresourcemanager.googleapis.com/v1/projects/epstein-file-browser:setIamPolicy 200
[debug] [2026-01-01T15:44:40.299Z] <<< [apiv2][body] POST https://cloudresourcemanager.googleapis.com/v1/projects/epstein-file-browser:setIamPolicy {"version":1,"etag":"BwZHVXiJAW4=","bindings":[{"role":"roles/artifactregistry.serviceAgent","members":["serviceAccount:service-831097091508@gcp-sa-artifactregistry.iam.gserviceaccount.com"]},{"role":"roles/cloudbuild.builds.builder","members":["serviceAccount:831097091508@cloudbuild.gserviceaccount.com"]},{"role":"roles/cloudbuild.serviceAgent","members":["serviceAccount:service-831097091508@gcp-sa-cloudbuild.iam.gserviceaccount.com"]},{"role":"roles/containerregistry.ServiceAgent","members":["serviceAccount:service-831097091508@containerregistry.iam.gserviceaccount.com"]},{"role":"roles/developerconnect.readTokenAccessor","members":["serviceAccount:firebase-app-hosting-compute@epstein-file-browser.iam.gserviceaccount.com"]},{"role":"roles/developerconnect.serviceAgent","members":["serviceAccount:service-831097091508@gcp-sa-devconnect.iam.gserviceaccount.com"]},{"role":"roles/editor","members":["serviceAccount:831097091508-compute@developer.gserviceaccount.com"]},{"role":"roles/firebase.managementServiceAgent","members":["serviceAccount:service-831097091508@gcp-sa-firebase.iam.gserviceaccount.com"]},{"role":"roles/firebase.sdkAdminServiceAgent","members":["serviceAccount:firebase-adminsdk-fbsvc@epstein-file-browser.iam.gserviceaccount.com","serviceAccount:firebase-app-hosting-compute@epstein-file-browser.iam.gserviceaccount.com"]},{"role":"roles/firebaseapphosting.computeRunner","members":["serviceAccount:firebase-app-hosting-compute@epstein-file-browser.iam.gserviceaccount.com"]},{"role":"roles/firebaseapphosting.serviceAgent","members":["serviceAccount:service-831097091508@gcp-sa-firebaseapphosting.iam.gserviceaccount.com"]},{"role":"roles/firebaserules.system","members":["serviceAccount:service-831097091508@firebase-rules.iam.gserviceaccount.com"]},{"role":"roles/firebasestorage.serviceAgent","members":["serviceAccount:service-831097091508@gcp-sa-firebasestorage.iam.gserviceaccount.com"]},{"role":"roles/firestore.serviceAgent","members":["serviceAccount:service-831097091508@gcp-sa-firestore.iam.gserviceaccount.com"]},{"role":"roles/iam.serviceAccountTokenCreator","members":["serviceAccount:firebase-adminsdk-fbsvc@epstein-file-browser.iam.gserviceaccount.com"]},{"role":"roles/owner","members":["user:dougchestnut@gmail.com"]},{"role":"roles/run.serviceAgent","members":["serviceAccount:service-831097091508@serverless-robot-prod.iam.gserviceaccount.com"]},{"role":"roles/secretmanager.admin_withcond_df45045cc877c5a20100","members":["serviceAccount:service-831097091508@gcp-sa-devconnect.iam.gserviceaccount.com"]},{"role":"roles/storage.admin","members":["serviceAccount:firebase-adminsdk-fbsvc@epstein-file-browser.iam.gserviceaccount.com"]},{"role":"roles/storage.objectViewer","members":["serviceAccount:firebase-app-hosting-compute@epstein-file-browser.iam.gserviceaccount.com"]}]}
[debug] [2026-01-01T15:44:40.301Z] Checked if tokens are valid: true, expires at: 1767285876916
[debug] [2026-01-01T15:44:40.302Z] Checked if tokens are valid: true, expires at: 1767285876916
[debug] [2026-01-01T15:44:40.303Z] >>> [apiv2][query] GET https://firebaseapphosting.googleapis.com/v1beta/projects/epstein-file-browser/locations/-/backends 
[debug] [2026-01-01T15:44:40.730Z] <<< [apiv2][status] GET https://firebaseapphosting.googleapis.com/v1beta/projects/epstein-file-browser/locations/-/backends 200
[debug] [2026-01-01T15:44:40.731Z] <<< [apiv2][body] GET https://firebaseapphosting.googleapis.com/v1beta/projects/epstein-file-browser/locations/-/backends {"backends":[{"name":"projects/epstein-file-browser/locations/us-east4/backends/epstein-files","createTime":"2025-12-29T02:44:20.751942240Z","updateTime":"2026-01-01T04:51:14.641330Z","labels":{"deployment-tool":"cli-firebase"},"uri":"epstein-files--epstein-file-browser.us-east4.hosted.app","managedResources":[{"runService":{"service":"projects/831097091508/locations/us-east4/services/epstein-files"}}],"uid":"a4f9512e-9331-4b86-bb71-c7cd629c4509","etag":"9nKw-ZGXlj3Zs5l16SV6J6iY3kGz0zxTiNUtpM4Mapc","reconciling":false,"servingLocality":"GLOBAL_ACCESS","serviceAccount":"firebase-app-hosting-compute@epstein-file-browser.iam.gserviceaccount.com","appId":"1:831097091508:web:628c82d53a6ef036066ee1"}]}
[info] i  apphosting: Found backend(s) epstein-files 
[debug] [2026-01-01T15:44:40.733Z] Checked if tokens are valid: true, expires at: 1767285876916
[debug] [2026-01-01T15:44:40.734Z] Checked if tokens are valid: true, expires at: 1767285876916
[debug] [2026-01-01T15:44:40.734Z] >>> [apiv2][query] GET https://firebaserules.googleapis.com/v1/projects/epstein-file-browser/releases pageSize=10&pageToken=
[debug] [2026-01-01T15:44:40.830Z] <<< [apiv2][status] GET https://firebaserules.googleapis.com/v1/projects/epstein-file-browser/releases 200
[debug] [2026-01-01T15:44:40.830Z] <<< [apiv2][body] GET https://firebaserules.googleapis.com/v1/projects/epstein-file-browser/releases {"releases":[{"name":"projects/epstein-file-browser/releases/cloud.firestore","rulesetName":"projects/epstein-file-browser/rulesets/80787af8-661b-4801-82d5-fd7a52508012","createTime":"2025-12-28T20:48:19.192405Z","updateTime":"2026-01-01T04:48:22.087728Z"},{"name":"projects/epstein-file-browser/releases/firebase.storage/epstein-file-browser.firebasestorage.app","rulesetName":"projects/epstein-file-browser/rulesets/16795efa-5467-49f4-b348-407fa5b16939","createTime":"2025-12-28T20:43:31.814899Z","updateTime":"2026-01-01T04:48:21.812588Z"}]}
[debug] [2026-01-01T15:44:40.847Z] Checked if tokens are valid: true, expires at: 1767285876916
[debug] [2026-01-01T15:44:40.847Z] Checked if tokens are valid: true, expires at: 1767285876916
[debug] [2026-01-01T15:44:40.847Z] >>> [apiv2][query] GET https://firebaserules.googleapis.com/v1/projects/epstein-file-browser/rulesets/16795efa-5467-49f4-b348-407fa5b16939 [none]
[debug] [2026-01-01T15:44:40.947Z] <<< [apiv2][status] GET https://firebaserules.googleapis.com/v1/projects/epstein-file-browser/rulesets/16795efa-5467-49f4-b348-407fa5b16939 200
[debug] [2026-01-01T15:44:40.947Z] <<< [apiv2][body] GET https://firebaserules.googleapis.com/v1/projects/epstein-file-browser/rulesets/16795efa-5467-49f4-b348-407fa5b16939 [omitted]
[info] i  storage: latest version of storage.rules already up to date, skipping upload... 
[debug] [2026-01-01T15:44:40.949Z] Checked if tokens are valid: true, expires at: 1767285876916
[debug] [2026-01-01T15:44:40.949Z] Checked if tokens are valid: true, expires at: 1767285876916
[debug] [2026-01-01T15:44:40.950Z] >>> [apiv2][query] GET https://firebaserules.googleapis.com/v1/projects/epstein-file-browser/releases pageSize=10&pageToken=
[debug] [2026-01-01T15:44:41.036Z] <<< [apiv2][status] GET https://firebaserules.googleapis.com/v1/projects/epstein-file-browser/releases 200
[debug] [2026-01-01T15:44:41.036Z] <<< [apiv2][body] GET https://firebaserules.googleapis.com/v1/projects/epstein-file-browser/releases {"releases":[{"name":"projects/epstein-file-browser/releases/cloud.firestore","rulesetName":"projects/epstein-file-browser/rulesets/80787af8-661b-4801-82d5-fd7a52508012","createTime":"2025-12-28T20:48:19.192405Z","updateTime":"2026-01-01T04:48:22.087728Z"},{"name":"projects/epstein-file-browser/releases/firebase.storage/epstein-file-browser.firebasestorage.app","rulesetName":"projects/epstein-file-browser/rulesets/16795efa-5467-49f4-b348-407fa5b16939","createTime":"2025-12-28T20:43:31.814899Z","updateTime":"2026-01-01T04:48:21.812588Z"}]}
[debug] [2026-01-01T15:44:41.036Z] Checked if tokens are valid: true, expires at: 1767285876916
[debug] [2026-01-01T15:44:41.036Z] Checked if tokens are valid: true, expires at: 1767285876916
[debug] [2026-01-01T15:44:41.036Z] >>> [apiv2][query] GET https://firebaserules.googleapis.com/v1/projects/epstein-file-browser/rulesets/80787af8-661b-4801-82d5-fd7a52508012 [none]
[debug] [2026-01-01T15:44:41.186Z] <<< [apiv2][status] GET https://firebaserules.googleapis.com/v1/projects/epstein-file-browser/rulesets/80787af8-661b-4801-82d5-fd7a52508012 200
[debug] [2026-01-01T15:44:41.186Z] <<< [apiv2][body] GET https://firebaserules.googleapis.com/v1/projects/epstein-file-browser/rulesets/80787af8-661b-4801-82d5-fd7a52508012 [omitted]
[info] i  firestore: latest version of firestore.rules already up to date, skipping upload... 
[info] i  firestore: deploying indexes... 
[debug] [2026-01-01T15:44:41.189Z] Checked if tokens are valid: true, expires at: 1767285876916
[debug] [2026-01-01T15:44:41.189Z] Checked if tokens are valid: true, expires at: 1767285876916
[debug] [2026-01-01T15:44:41.189Z] >>> [apiv2][query] GET https://firestore.googleapis.com/v1/projects/epstein-file-browser/databases/(default)/collectionGroups/-/indexes [none]
[debug] [2026-01-01T15:44:41.262Z] <<< [apiv2][status] GET https://firestore.googleapis.com/v1/projects/epstein-file-browser/databases/(default)/collectionGroups/-/indexes 200
[debug] [2026-01-01T15:44:41.262Z] <<< [apiv2][body] GET https://firestore.googleapis.com/v1/projects/epstein-file-browser/databases/(default)/collectionGroups/-/indexes {"indexes":[{"name":"projects/epstein-file-browser/databases/(default)/collectionGroups/items/indexes/CICAgJjF9oIJ","queryScope":"COLLECTION","fields":[{"fieldPath":"analysis.is_photo","order":"ASCENDING"},{"fieldPath":"created_at","order":"DESCENDING"},{"fieldPath":"__name__","order":"DESCENDING"}],"state":"READY","density":"SPARSE_ALL"},{"name":"projects/epstein-file-browser/databases/(default)/collectionGroups/items/indexes/CICAgJj7z4EK","queryScope":"COLLECTION","fields":[{"fieldPath":"is_likely_photo","order":"ASCENDING"},{"fieldPath":"type","order":"ASCENDING"},{"fieldPath":"created_at","order":"DESCENDING"},{"fieldPath":"__name__","order":"DESCENDING"}],"state":"READY","density":"SPARSE_ALL"},{"name":"projects/epstein-file-browser/databases/(default)/collectionGroups/images/indexes/CICAgJjF9oIK","queryScope":"COLLECTION","fields":[{"fieldPath":"parent_doc_id","order":"ASCENDING"},{"fieldPath":"page_num","order":"ASCENDING"},{"fieldPath":"__name__","order":"ASCENDING"}],"state":"READY","density":"SPARSE_ALL"},{"name":"projects/epstein-file-browser/databases/(default)/collectionGroups/items/indexes/CICAgNi47oMK","queryScope":"COLLECTION","fields":[{"fieldPath":"type","order":"ASCENDING"},{"fieldPath":"created_at","order":"DESCENDING"},{"fieldPath":"__name__","order":"DESCENDING"}],"state":"READY","density":"SPARSE_ALL"}]}
[debug] [2026-01-01T15:44:41.262Z] Checked if tokens are valid: true, expires at: 1767285876916
[debug] [2026-01-01T15:44:41.263Z] Checked if tokens are valid: true, expires at: 1767285876916
[debug] [2026-01-01T15:44:41.263Z] >>> [apiv2][query] GET https://firestore.googleapis.com/v1/projects/epstein-file-browser/databases/(default)/collectionGroups/-/fields?filter=indexConfig.usesAncestorConfig=false OR ttlConfig:* [none]
[debug] [2026-01-01T15:44:41.313Z] <<< [apiv2][status] GET https://firestore.googleapis.com/v1/projects/epstein-file-browser/databases/(default)/collectionGroups/-/fields?filter=indexConfig.usesAncestorConfig=false OR ttlConfig:* 200
[debug] [2026-01-01T15:44:41.313Z] <<< [apiv2][body] GET https://firestore.googleapis.com/v1/projects/epstein-file-browser/databases/(default)/collectionGroups/-/fields?filter=indexConfig.usesAncestorConfig=false OR ttlConfig:* {"fields":[{"name":"projects/epstein-file-browser/databases/(default)/collectionGroups/__default__/fields/*","indexConfig":{"indexes":[{"queryScope":"COLLECTION","fields":[{"fieldPath":"*","order":"ASCENDING"}],"state":"READY"},{"queryScope":"COLLECTION","fields":[{"fieldPath":"*","order":"DESCENDING"}],"state":"READY"},{"queryScope":"COLLECTION","fields":[{"fieldPath":"*","arrayConfig":"CONTAINS"}],"state":"READY"}]}}]}
[debug] [2026-01-01T15:44:41.313Z] Checked if tokens are valid: true, expires at: 1767285876916
[debug] [2026-01-01T15:44:41.313Z] Checked if tokens are valid: true, expires at: 1767285876916
[debug] [2026-01-01T15:44:41.314Z] >>> [apiv2][query] GET https://firestore.googleapis.com/v1/projects/epstein-file-browser/databases/(default) [none]
[debug] [2026-01-01T15:44:41.369Z] <<< [apiv2][status] GET https://firestore.googleapis.com/v1/projects/epstein-file-browser/databases/(default) 200
[debug] [2026-01-01T15:44:41.370Z] <<< [apiv2][body] GET https://firestore.googleapis.com/v1/projects/epstein-file-browser/databases/(default) {"name":"projects/epstein-file-browser/databases/(default)","uid":"28d332cc-5dcf-4023-8d76-4d14159f5739","createTime":"2025-12-28T20:48:15.111584Z","updateTime":"2025-12-28T20:48:15.111584Z","locationId":"us-east4","type":"FIRESTORE_NATIVE","concurrencyMode":"PESSIMISTIC","versionRetentionPeriod":"3600s","earliestVersionTime":"2026-01-01T14:44:41.409681Z","appEngineIntegrationMode":"DISABLED","keyPrefix":"d","pointInTimeRecoveryEnablement":"POINT_IN_TIME_RECOVERY_DISABLED","deleteProtectionState":"DELETE_PROTECTION_DISABLED","databaseEdition":"STANDARD","freeTier":true,"realtimeUpdatesMode":"REALTIME_UPDATES_MODE_ENABLED","etag":"IOzS58TX6pEDMNvq0IKU4ZED"}
[info] i  firestore: The following indexes are defined in your project but are not present in your firestore indexes file:
	(images) -- (parent_doc_id,ASCENDING) (page_num,ASCENDING)  -- Density:SPARSE_ALL  
